Vertex Shader
Creator: 2.0.6534.1, Version: FFFE0300 Target: vs_3_0:
Constants: 5
	$aspect: RegSet: 2, RegIdx: 2, RegCount: 1
		Class: Scalar, Type: float, Rows: 1, Columns: 1, Elements: 1
	$blurspecial: RegSet: 2, RegIdx: 3, RegCount: 1
		Class: Vector, Type: float, Rows: 1, Columns: 4, Elements: 1
	$modelviewproj: RegSet: 2, RegIdx: 4, RegCount: 4
		Class: Matrix columns, Type: float, Rows: 4, Columns: 4, Elements: 1
	$texturecentre0: RegSet: 2, RegIdx: 1, RegCount: 1
		Class: Vector, Type: float, Rows: 1, Columns: 2, Elements: 1
	$texturecoords0: RegSet: 2, RegIdx: 0, RegCount: 1
		Class: Vector, Type: float, Rows: 1, Columns: 4, Elements: 1
Common
	PhysicalMicrocodeOffset: 128
	PhysicalMicrocodeSize: 1188
ProgramControl
	VsMaxReg: 22
	PsMaxReg: 0
	VsResource: 1
	PsResource: 0
	ParamGen: 0
	GenIndexPix: 0
	VsExportCount: 7
	VsExportMode: 0
	PsExportZ: 0
	PsExportColorCount: 0
	GenIndexVtx: 0
ContextMisc
	InstPredOptimize: 0
	OutputScreenXY: 0
	SampleControl: 0
	ParamGenPos: 0
	PerfCounterRef: 0
	YieldOptimize: 0
	TxCacheSelect: 0
ControlFlowConstantMask
	IntegerConstantsUsed: 0
	BooleanConstantsUsed: 0
InterpolatorHeader
	Interpolators: 8
	Interpolants: 8
	Components: 32
	CustomOrderPS: 0
	CustomOrderVS: 0
VsIdx: UsageI: 144, Reg :0, Mask: 1
VsIn: Fetch: 9, Usage: 0, Index: 0, Run: 1, Texture: 0
VsIn: Fetch: 10, Usage: 10, Index: 0, Run: 0, Texture: 0
VsIn: Fetch: 11, Usage: 5, Index: 0, Run: 2, Texture: 0
VsOut: UsageI: 80, Reg: 0, Mask: 15, TableOffset: 0
VsOut: UsageI: 81, Reg: 1, Mask: 15, TableOffset: 2
VsOut: UsageI: 82, Reg: 2, Mask: 15, TableOffset: 4
VsOut: UsageI: 83, Reg: 3, Mask: 15, TableOffset: 6
VsOut: UsageI: 84, Reg: 4, Mask: 15, TableOffset: 8
VsOut: UsageI: 85, Reg: 5, Mask: 15, TableOffset: 10
VsOut: UsageI: 86, Reg: 6, Mask: 15, TableOffset: 12
VsOut: UsageI: 160, Reg: 7, Mask: 15, TableOffset: 14
VsOut: UsageI: 43, Reg: 0, Mask: 0, TableOffset: 0
VsOut: UsageI: 95, Reg: 0, Mask: 1, TableOffset: 0
VsOut: UsageI: 76, Reg: 0, Mask: 0, TableOffset: 0
VsOut: UsageI: 83, Reg: 0, Mask: 1, TableOffset: 0
VsOut: UsageI: 84, Reg: 0, Mask: 0, TableOffset: 0
VsOut: UsageI: 89, Reg: 0, Mask: 1, TableOffset: 0
VsOut: UsageI: 90, Reg: 0, Mask: 0, TableOffset: 0
