Vertex Shader
Creator: 2.0.6534.1, Version: FFFE0300 Target: vs_3_0:
Constants: 12
	$constantcolour: RegSet: 2, RegIdx: 5, RegCount: 1
		Class: Vector, Type: float, Rows: 1, Columns: 4, Elements: 1
	$modelviewproj: RegSet: 2, RegIdx: 17, RegCount: 4
		Class: Matrix columns, Type: float, Rows: 4, Columns: 4, Elements: 1
	$obviewpos: RegSet: 2, RegIdx: 10, RegCount: 1
		Class: Vector, Type: float, Rows: 1, Columns: 3, Elements: 1
	$sundir: RegSet: 2, RegIdx: 11, RegCount: 1
		Class: Vector, Type: float, Rows: 1, Columns: 3, Elements: 1
	$texexpansion0: RegSet: 2, RegIdx: 16, RegCount: 1
		Class: Vector, Type: float, Rows: 1, Columns: 4, Elements: 1
	$transmodel: RegSet: 2, RegIdx: 7, RegCount: 3
		Class: Matrix columns, Type: float, Rows: 4, Columns: 4, Elements: 1
	$usevertexcolour: RegSet: 2, RegIdx: 6, RegCount: 1
		Class: Scalar, Type: float, Rows: 1, Columns: 1, Elements: 1
	$uvmtx0: RegSet: 2, RegIdx: 0, RegCount: 2
		Class: Matrix columns, Type: float, Rows: 4, Columns: 4, Elements: 1
	$uvmtx1: RegSet: 2, RegIdx: 3, RegCount: 2
		Class: Matrix columns, Type: float, Rows: 4, Columns: 4, Elements: 1
	$winddir: RegSet: 2, RegIdx: 2, RegCount: 1
		Class: Vector, Type: float, Rows: 1, Columns: 4, Elements: 1
	$wlightpos: RegSet: 2, RegIdx: 12, RegCount: 3
		Class: Matrix columns, Type: float, Rows: 4, Columns: 4, Elements: 1
	$worldviewpos: RegSet: 2, RegIdx: 15, RegCount: 1
		Class: Vector, Type: float, Rows: 1, Columns: 3, Elements: 1
Common
	PhysicalMicrocodeOffset: 64
	PhysicalMicrocodeSize: 1488
ProgramControl
	VsMaxReg: 12
	PsMaxReg: 0
	VsResource: 1
	PsResource: 0
	ParamGen: 0
	GenIndexPix: 0
	VsExportCount: 8
	VsExportMode: 0
	PsExportZ: 0
	PsExportColorCount: 0
	GenIndexVtx: 0
ContextMisc
	InstPredOptimize: 0
	OutputScreenXY: 0
	SampleControl: 0
	ParamGenPos: 0
	PerfCounterRef: 0
	YieldOptimize: 0
	TxCacheSelect: 0
ControlFlowConstantMask
	IntegerConstantsUsed: 0
	BooleanConstantsUsed: 0
InterpolatorHeader
	Interpolators: 9
	Interpolants: 9
	Components: 31
	CustomOrderPS: 0
	CustomOrderVS: 0
VsIdx: UsageI: 144, Reg :0, Mask: 1
VsIn: Fetch: 11, Usage: 5, Index: 0, Run: 1, Texture: 0
VsIn: Fetch: 12, Usage: 5, Index: 1, Run: 0, Texture: 0
VsIn: Fetch: 13, Usage: 5, Index: 2, Run: 0, Texture: 0
VsIn: Fetch: 14, Usage: 0, Index: 0, Run: 0, Texture: 0
VsIn: Fetch: 15, Usage: 10, Index: 0, Run: 0, Texture: 0
VsIn: Fetch: 16, Usage: 5, Index: 3, Run: 2, Texture: 0
VsOut: UsageI: 80, Reg: 0, Mask: 7, TableOffset: 0
VsOut: UsageI: 81, Reg: 1, Mask: 7, TableOffset: 1
VsOut: UsageI: 82, Reg: 2, Mask: 15, TableOffset: 2
VsOut: UsageI: 83, Reg: 3, Mask: 15, TableOffset: 4
VsOut: UsageI: 84, Reg: 4, Mask: 7, TableOffset: 6
VsOut: UsageI: 85, Reg: 5, Mask: 15, TableOffset: 7
VsOut: UsageI: 86, Reg: 6, Mask: 15, TableOffset: 9
VsOut: UsageI: 87, Reg: 7, Mask: 3, TableOffset: 13
VsOut: UsageI: 160, Reg: 8, Mask: 15, TableOffset: 14
VsOut: UsageI: 110, Reg: 0, Mask: 1, TableOffset: 0
VsOut: UsageI: 100, Reg: 0, Mask: 1, TableOffset: 0
VsOut: UsageI: 119, Reg: 0, Mask: 0, TableOffset: 0
VsOut: UsageI: 120, Reg: 0, Mask: 1, TableOffset: 0
VsOut: UsageI: 121, Reg: 0, Mask: 0, TableOffset: 0
VsOut: UsageI: 122, Reg: 0, Mask: 1, TableOffset: 0
