Vertex Shader
Creator: 2.0.6534.1, Version: FFFE0300 Target: vs_3_0:
Constants: 10
	$foliagedrawdist: RegSet: 2, RegIdx: 5, RegCount: 1
		Class: Vector, Type: float, Rows: 1, Columns: 3, Elements: 1
	$foliagegroundblend: RegSet: 2, RegIdx: 7, RegCount: 1
		Class: Vector, Type: float, Rows: 1, Columns: 2, Elements: 1
	$foliageviewpos: RegSet: 2, RegIdx: 6, RegCount: 1
		Class: Vector, Type: float, Rows: 1, Columns: 3, Elements: 1
	$instdatainfo: RegSet: 2, RegIdx: 0, RegCount: 1
		Class: Vector, Type: float, Rows: 1, Columns: 4, Elements: 1
	$modelviewproj: RegSet: 2, RegIdx: 9, RegCount: 4
		Class: Matrix columns, Type: float, Rows: 4, Columns: 4, Elements: 1
	$sundir: RegSet: 2, RegIdx: 8, RegCount: 1
		Class: Vector, Type: float, Rows: 1, Columns: 3, Elements: 1
	$windparams1: RegSet: 2, RegIdx: 1, RegCount: 1
		Class: Vector, Type: float, Rows: 1, Columns: 4, Elements: 1
	$windparams2: RegSet: 2, RegIdx: 2, RegCount: 1
		Class: Vector, Type: float, Rows: 1, Columns: 4, Elements: 1
	$windparams3: RegSet: 2, RegIdx: 3, RegCount: 1
		Class: Vector, Type: float, Rows: 1, Columns: 4, Elements: 1
	$windparams4: RegSet: 2, RegIdx: 4, RegCount: 1
		Class: Vector, Type: float, Rows: 1, Columns: 3, Elements: 1
Common
	PhysicalMicrocodeOffset: 64
	PhysicalMicrocodeSize: 756
ProgramControl
	VsMaxReg: 7
	PsMaxReg: 0
	VsResource: 0
	PsResource: 0
	ParamGen: 0
	GenIndexPix: 0
	VsExportCount: 3
	VsExportMode: 0
	PsExportZ: 0
	PsExportColorCount: 0
	GenIndexVtx: 0
ContextMisc
	InstPredOptimize: 0
	OutputScreenXY: 0
	SampleControl: 0
	ParamGenPos: 0
	PerfCounterRef: 0
	YieldOptimize: 0
	TxCacheSelect: 0
ControlFlowConstantMask
	IntegerConstantsUsed: 0
	BooleanConstantsUsed: 0
InterpolatorHeader
	Interpolators: 4
	Interpolants: 4
	Components: 9
	CustomOrderPS: 0
	CustomOrderVS: 0
VsIdx: UsageI: 144, Reg :0, Mask: 1
VsIn: Fetch: 10, Usage: 0, Index: 2, Run: 1, Texture: 0
VsIn: Fetch: 11, Usage: 0, Index: 3, Run: 2, Texture: 0
VsIn: Fetch: 12, Usage: 0, Index: 1, Run: 0, Texture: 0
VsIn: Fetch: 13, Usage: 0, Index: 0, Run: 1, Texture: 0
VsIn: Fetch: 14, Usage: 10, Index: 0, Run: 0, Texture: 0
VsIn: Fetch: 15, Usage: 5, Index: 0, Run: 2, Texture: 0
VsOut: UsageI: 80, Reg: 0, Mask: 1, TableOffset: 0
VsOut: UsageI: 81, Reg: 1, Mask: 3, TableOffset: 1
VsOut: UsageI: 82, Reg: 2, Mask: 3, TableOffset: 2
VsOut: UsageI: 160, Reg: 3, Mask: 15, TableOffset: 3
