Vertex Shader
Creator: 2.0.6534.1, Version: FFFE0300 Target: vs_3_0:
Constants: 6
	$depthdata: RegSet: 2, RegIdx: 4, RegCount: 1
		Class: Vector, Type: float, Rows: 1, Columns: 4, Elements: 1
	$fogcolour: RegSet: 2, RegIdx: 6, RegCount: 1
		Class: Vector, Type: float, Rows: 1, Columns: 4, Elements: 1
	$fogdata: RegSet: 2, RegIdx: 5, RegCount: 1
		Class: Vector, Type: float, Rows: 1, Columns: 3, Elements: 1
	$modelview: RegSet: 2, RegIdx: 0, RegCount: 3
		Class: Matrix columns, Type: float, Rows: 4, Columns: 4, Elements: 1
	$modelviewproj: RegSet: 2, RegIdx: 7, RegCount: 4
		Class: Matrix columns, Type: float, Rows: 4, Columns: 4, Elements: 1
	$worldviewpos: RegSet: 2, RegIdx: 3, RegCount: 1
		Class: Vector, Type: float, Rows: 1, Columns: 3, Elements: 1
Common
	PhysicalMicrocodeOffset: 64
	PhysicalMicrocodeSize: 780
ProgramControl
	VsMaxReg: 10
	PsMaxReg: 0
	VsResource: 1
	PsResource: 0
	ParamGen: 0
	GenIndexPix: 0
	VsExportCount: 4
	VsExportMode: 0
	PsExportZ: 0
	PsExportColorCount: 0
	GenIndexVtx: 0
ContextMisc
	InstPredOptimize: 0
	OutputScreenXY: 0
	SampleControl: 0
	ParamGenPos: 0
	PerfCounterRef: 0
	YieldOptimize: 0
	TxCacheSelect: 0
ControlFlowConstantMask
	IntegerConstantsUsed: 0
	BooleanConstantsUsed: 0
InterpolatorHeader
	Interpolators: 5
	Interpolants: 5
	Components: 14
	CustomOrderPS: 0
	CustomOrderVS: 0
VsIdx: UsageI: 144, Reg :0, Mask: 1
VsIn: Fetch: 7, Usage: 5, Index: 4, Run: 1, Texture: 0
VsIn: Fetch: 8, Usage: 5, Index: 0, Run: 0, Texture: 0
VsIn: Fetch: 9, Usage: 0, Index: 0, Run: 0, Texture: 0
VsIn: Fetch: 10, Usage: 5, Index: 1, Run: 0, Texture: 0
VsIn: Fetch: 11, Usage: 5, Index: 2, Run: 0, Texture: 0
VsIn: Fetch: 12, Usage: 10, Index: 0, Run: 2, Texture: 0
VsOut: UsageI: 80, Reg: 0, Mask: 1, TableOffset: 0
VsOut: UsageI: 81, Reg: 1, Mask: 15, TableOffset: 1
VsOut: UsageI: 82, Reg: 2, Mask: 1, TableOffset: 2
VsOut: UsageI: 160, Reg: 3, Mask: 15, TableOffset: 3
VsOut: UsageI: 161, Reg: 4, Mask: 15, TableOffset: 5
VsOut: UsageI: 54, Reg: 0, Mask: 1, TableOffset: 0
VsOut: UsageI: 53, Reg: 0, Mask: 1, TableOffset: 0
