Vertex Shader
Creator: 2.0.6534.1, Version: FFFE0300 Target: vs_3_0:
Constants: 6
	$cml: RegSet: 2, RegIdx: 6, RegCount: 6
		Class: Vector, Type: float, Rows: 1, Columns: 4, Elements: 6
	$constantcolour: RegSet: 2, RegIdx: 0, RegCount: 1
		Class: Vector, Type: float, Rows: 1, Columns: 4, Elements: 1
	$modelviewproj: RegSet: 2, RegIdx: 12, RegCount: 4
		Class: Matrix columns, Type: float, Rows: 4, Columns: 4, Elements: 1
	$obviewpos: RegSet: 2, RegIdx: 5, RegCount: 1
		Class: Vector, Type: float, Rows: 1, Columns: 3, Elements: 1
	$transmodel: RegSet: 2, RegIdx: 2, RegCount: 3
		Class: Matrix columns, Type: float, Rows: 4, Columns: 4, Elements: 1
	$usevertexcolour: RegSet: 2, RegIdx: 1, RegCount: 1
		Class: Scalar, Type: float, Rows: 1, Columns: 1, Elements: 1
Common
	PhysicalMicrocodeOffset: 64
	PhysicalMicrocodeSize: 672
ProgramControl
	VsMaxReg: 4
	PsMaxReg: 0
	VsResource: 1
	PsResource: 0
	ParamGen: 0
	GenIndexPix: 0
	VsExportCount: 5
	VsExportMode: 0
	PsExportZ: 0
	PsExportColorCount: 0
	GenIndexVtx: 0
ContextMisc
	InstPredOptimize: 0
	OutputScreenXY: 0
	SampleControl: 0
	ParamGenPos: 0
	PerfCounterRef: 0
	YieldOptimize: 0
	TxCacheSelect: 0
ControlFlowConstantMask
	IntegerConstantsUsed: 0
	BooleanConstantsUsed: 0
InterpolatorHeader
	Interpolators: 6
	Interpolants: 6
	Components: 21
	CustomOrderPS: 0
	CustomOrderVS: 0
VsIdx: UsageI: 144, Reg :0, Mask: 1
VsIn: Fetch: 6, Usage: 0, Index: 0, Run: 1, Texture: 0
VsIn: Fetch: 7, Usage: 10, Index: 0, Run: 0, Texture: 0
VsIn: Fetch: 8, Usage: 5, Index: 0, Run: 2, Texture: 0
VsOut: UsageI: 80, Reg: 0, Mask: 15, TableOffset: 0
VsOut: UsageI: 81, Reg: 1, Mask: 15, TableOffset: 4
VsOut: UsageI: 82, Reg: 2, Mask: 15, TableOffset: 8
VsOut: UsageI: 83, Reg: 3, Mask: 3, TableOffset: 12
VsOut: UsageI: 160, Reg: 4, Mask: 15, TableOffset: 13
VsOut: UsageI: 161, Reg: 5, Mask: 7, TableOffset: 14
VsOut: UsageI: 22, Reg: 0, Mask: 0, TableOffset: 0
VsOut: UsageI: 32, Reg: 0, Mask: 0, TableOffset: 0
VsOut: UsageI: 35, Reg: 0, Mask: 0, TableOffset: 0
VsOut: UsageI: 43, Reg: 0, Mask: 1, TableOffset: 0
VsOut: UsageI: 23, Reg: 0, Mask: 0, TableOffset: 0
VsOut: UsageI: 36, Reg: 0, Mask: 0, TableOffset: 0
VsOut: UsageI: 37, Reg: 0, Mask: 0, TableOffset: 0
VsOut: UsageI: 44, Reg: 0, Mask: 1, TableOffset: 0
VsOut: UsageI: 24, Reg: 0, Mask: 0, TableOffset: 0
