Vertex Shader
Creator: 2.0.6534.1, Version: FFFE0300 Target: vs_3_0:
Constants: 8
	$modelviewproj: RegSet: 2, RegIdx: 7, RegCount: 4
		Class: Matrix columns, Type: float, Rows: 4, Columns: 4, Elements: 1
	$pmeshgenscale: RegSet: 2, RegIdx: 2, RegCount: 1
		Class: Scalar, Type: float, Rows: 1, Columns: 1, Elements: 1
	$pmeshinnerdepth: RegSet: 2, RegIdx: 6, RegCount: 1
		Class: Vector, Type: float, Rows: 1, Columns: 2, Elements: 1
	$pmeshoffset: RegSet: 2, RegIdx: 1, RegCount: 1
		Class: Vector, Type: float, Rows: 1, Columns: 3, Elements: 1
	$pmeshscale: RegSet: 2, RegIdx: 0, RegCount: 1
		Class: Vector, Type: float, Rows: 1, Columns: 3, Elements: 1
	$pmeshtexscale: RegSet: 2, RegIdx: 4, RegCount: 1
		Class: Vector, Type: float, Rows: 1, Columns: 2, Elements: 1
	$pmeshviewpos: RegSet: 2, RegIdx: 3, RegCount: 1
		Class: Vector, Type: float, Rows: 1, Columns: 3, Elements: 1
	$sundir: RegSet: 2, RegIdx: 5, RegCount: 1
		Class: Vector, Type: float, Rows: 1, Columns: 3, Elements: 1
Common
	PhysicalMicrocodeOffset: 0
	PhysicalMicrocodeSize: 468
ProgramControl
	VsMaxReg: 3
	PsMaxReg: 0
	VsResource: 1
	PsResource: 0
	ParamGen: 0
	GenIndexPix: 0
	VsExportCount: 5
	VsExportMode: 0
	PsExportZ: 0
	PsExportColorCount: 0
	GenIndexVtx: 0
ContextMisc
	InstPredOptimize: 0
	OutputScreenXY: 0
	SampleControl: 0
	ParamGenPos: 0
	PerfCounterRef: 0
	YieldOptimize: 0
	TxCacheSelect: 0
ControlFlowConstantMask
	IntegerConstantsUsed: 0
	BooleanConstantsUsed: 0
InterpolatorHeader
	Interpolators: 6
	Interpolants: 6
	Components: 16
	CustomOrderPS: 0
	CustomOrderVS: 0
VsIdx: UsageI: 144, Reg :0, Mask: 1
VsIn: Fetch: 5, Usage: 5, Index: 0, Run: 1, Texture: 0
VsIn: Fetch: 6, Usage: 0, Index: 0, Run: 3, Texture: 0
VsOut: UsageI: 81, Reg: 0, Mask: 7, TableOffset: 0
VsOut: UsageI: 82, Reg: 1, Mask: 1, TableOffset: 1
VsOut: UsageI: 83, Reg: 2, Mask: 7, TableOffset: 2
VsOut: UsageI: 84, Reg: 3, Mask: 7, TableOffset: 3
VsOut: UsageI: 85, Reg: 4, Mask: 7, TableOffset: 4
VsOut: UsageI: 86, Reg: 5, Mask: 7, TableOffset: 5
