Vertex Shader
Creator: 2.0.6534.1, Version: FFFE0300 Target: vs_3_0:
Constants: 9
	$constantcolour: RegSet: 2, RegIdx: 2, RegCount: 1
		Class: Vector, Type: float, Rows: 1, Columns: 4, Elements: 1
	$modelviewproj: RegSet: 2, RegIdx: 13, RegCount: 4
		Class: Matrix columns, Type: float, Rows: 4, Columns: 4, Elements: 1
	$obviewpos: RegSet: 2, RegIdx: 7, RegCount: 1
		Class: Vector, Type: float, Rows: 1, Columns: 3, Elements: 1
	$texexpansion0: RegSet: 2, RegIdx: 12, RegCount: 1
		Class: Vector, Type: float, Rows: 1, Columns: 4, Elements: 1
	$transmodel: RegSet: 2, RegIdx: 4, RegCount: 3
		Class: Matrix columns, Type: float, Rows: 4, Columns: 4, Elements: 1
	$usevertexcolour: RegSet: 2, RegIdx: 3, RegCount: 1
		Class: Scalar, Type: float, Rows: 1, Columns: 1, Elements: 1
	$uvmtx0: RegSet: 2, RegIdx: 0, RegCount: 2
		Class: Matrix columns, Type: float, Rows: 4, Columns: 4, Elements: 1
	$wlightpos: RegSet: 2, RegIdx: 8, RegCount: 3
		Class: Matrix columns, Type: float, Rows: 4, Columns: 4, Elements: 1
	$worldviewpos: RegSet: 2, RegIdx: 11, RegCount: 1
		Class: Vector, Type: float, Rows: 1, Columns: 3, Elements: 1
Common
	PhysicalMicrocodeOffset: 64
	PhysicalMicrocodeSize: 972
ProgramControl
	VsMaxReg: 11
	PsMaxReg: 0
	VsResource: 1
	PsResource: 0
	ParamGen: 0
	GenIndexPix: 0
	VsExportCount: 5
	VsExportMode: 0
	PsExportZ: 0
	PsExportColorCount: 0
	GenIndexVtx: 0
ContextMisc
	InstPredOptimize: 0
	OutputScreenXY: 0
	SampleControl: 0
	ParamGenPos: 0
	PerfCounterRef: 0
	YieldOptimize: 0
	TxCacheSelect: 0
ControlFlowConstantMask
	IntegerConstantsUsed: 0
	BooleanConstantsUsed: 0
InterpolatorHeader
	Interpolators: 6
	Interpolants: 6
	Components: 23
	CustomOrderPS: 0
	CustomOrderVS: 0
VsIdx: UsageI: 144, Reg :0, Mask: 1
VsIn: Fetch: 8, Usage: 5, Index: 0, Run: 1, Texture: 0
VsIn: Fetch: 9, Usage: 5, Index: 1, Run: 0, Texture: 0
VsIn: Fetch: 10, Usage: 0, Index: 0, Run: 0, Texture: 0
VsIn: Fetch: 11, Usage: 10, Index: 0, Run: 0, Texture: 0
VsIn: Fetch: 12, Usage: 5, Index: 2, Run: 3, Texture: 0
VsOut: UsageI: 80, Reg: 0, Mask: 15, TableOffset: 0
VsOut: UsageI: 81, Reg: 1, Mask: 15, TableOffset: 2
VsOut: UsageI: 82, Reg: 2, Mask: 7, TableOffset: 4
VsOut: UsageI: 83, Reg: 3, Mask: 15, TableOffset: 5
VsOut: UsageI: 84, Reg: 4, Mask: 15, TableOffset: 7
VsOut: UsageI: 160, Reg: 5, Mask: 15, TableOffset: 10
VsOut: UsageI: 78, Reg: 0, Mask: 0, TableOffset: 0
VsOut: UsageI: 79, Reg: 0, Mask: 1, TableOffset: 0
VsOut: UsageI: 76, Reg: 0, Mask: 0, TableOffset: 0
VsOut: UsageI: 77, Reg: 0, Mask: 1, TableOffset: 0
VsOut: UsageI: 34, Reg: 0, Mask: 1, TableOffset: 0
