Vertex Shader
Creator: 2.0.6534.1, Version: FFFE0300 Target: vs_3_0:
Constants: 2
	$modelview: RegSet: 2, RegIdx: 0, RegCount: 4
		Class: Matrix columns, Type: float, Rows: 4, Columns: 4, Elements: 1
	$projection: RegSet: 2, RegIdx: 4, RegCount: 4
		Class: Matrix columns, Type: float, Rows: 4, Columns: 4, Elements: 1
Common
	PhysicalMicrocodeOffset: 64
	PhysicalMicrocodeSize: 312
ProgramControl
	VsMaxReg: 5
	PsMaxReg: 0
	VsResource: 1
	PsResource: 0
	ParamGen: 0
	GenIndexPix: 0
	VsExportCount: 2
	VsExportMode: 0
	PsExportZ: 0
	PsExportColorCount: 0
	GenIndexVtx: 0
ContextMisc
	InstPredOptimize: 0
	OutputScreenXY: 0
	SampleControl: 0
	ParamGenPos: 0
	PerfCounterRef: 0
	YieldOptimize: 0
	TxCacheSelect: 0
ControlFlowConstantMask
	IntegerConstantsUsed: 0
	BooleanConstantsUsed: 0
InterpolatorHeader
	Interpolators: 3
	Interpolants: 3
	Components: 10
	CustomOrderPS: 0
	CustomOrderVS: 0
VsIdx: UsageI: 144, Reg :0, Mask: 1
VsIn: Fetch: 4, Usage: 10, Index: 0, Run: 1, Texture: 0
VsIn: Fetch: 5, Usage: 5, Index: 0, Run: 0, Texture: 0
VsIn: Fetch: 6, Usage: 0, Index: 0, Run: 3, Texture: 0
VsOut: UsageI: 80, Reg: 0, Mask: 15, TableOffset: 0
VsOut: UsageI: 81, Reg: 1, Mask: 3, TableOffset: 1
VsOut: UsageI: 82, Reg: 2, Mask: 15, TableOffset: 2
