Pixel Shader
Creator: 2.0.6534.1, Version: FFFF0300 Target: ps_3_0:
Constants: 11
	$bump: RegSet: 3, RegIdx: 2, RegCount: 1
		Class: Object, Type: sampler2d, Rows: 1, Columns: 1, Elements: 1
	$compressedhdr: RegSet: 2, RegIdx: 5, RegCount: 1
		Class: Vector, Type: float, Rows: 1, Columns: 2, Elements: 1
	$depthdata: RegSet: 2, RegIdx: 0, RegCount: 1
		Class: Vector, Type: float, Rows: 1, Columns: 4, Elements: 1
	$depthtexture: RegSet: 3, RegIdx: 0, RegCount: 1
		Class: Object, Type: sampler2d, Rows: 1, Columns: 1, Elements: 1
	$envmap: RegSet: 3, RegIdx: 4, RegCount: 1
		Class: Object, Type: samplercube, Rows: 1, Columns: 1, Elements: 1
	$oblightpos: RegSet: 2, RegIdx: 3, RegCount: 1
		Class: Vector, Type: float, Rows: 1, Columns: 3, Elements: 1
	$waterfresnel: RegSet: 3, RegIdx: 1, RegCount: 1
		Class: Object, Type: sampler2d, Rows: 1, Columns: 1, Elements: 1
	$watersettings: RegSet: 2, RegIdx: 2, RegCount: 1
		Class: Vector, Type: float, Rows: 1, Columns: 2, Elements: 1
	$wbump3: RegSet: 3, RegIdx: 3, RegCount: 1
		Class: Object, Type: sampler2d, Rows: 1, Columns: 1, Elements: 1
	$window: RegSet: 2, RegIdx: 1, RegCount: 1
		Class: Vector, Type: float, Rows: 1, Columns: 4, Elements: 1
	$worldviewpos: RegSet: 2, RegIdx: 4, RegCount: 1
		Class: Vector, Type: float, Rows: 1, Columns: 3, Elements: 1
Common
	PhysicalMicrocodeOffset: 64
	PhysicalMicrocodeSize: 636
ProgramControl
	VsMaxReg: 0
	PsMaxReg: 7
	VsResource: 0
	PsResource: 0
	ParamGen: 0
	GenIndexPix: 0
	VsExportCount: 0
	VsExportMode: 0
	PsExportZ: 0
	PsExportColorCount: 1
	GenIndexVtx: 0
ContextMisc
	InstPredOptimize: 0
	OutputScreenXY: 0
	SampleControl: 2
	ParamGenPos: 0
	PerfCounterRef: 0
	YieldOptimize: 0
	TxCacheSelect: 0
ControlFlowConstantMask
	IntegerConstantsUsed: 0
	BooleanConstantsUsed: 0
InterpolatorHeader
	Interpolators: 6
	Interpolants: 6
	Components: 24
	CustomOrderPS: 0
	CustomOrderVS: 0
InterpolatorControl
	ParamShade: 63
	SamplingPattern: 31
OutputMask
	Mask: 1
	Depth: 0
	Kill: 0
	C0: 1
	C1: 0
	C2: 0
	C3: 0
PsIn: UsageI: 80, Reg: 0, Mask: 15
