Pixel Shader
Creator: 2.0.6534.1, Version: FFFF0300 Target: ps_3_0:
Constants: 17
	$cloudcover: RegSet: 2, RegIdx: 0, RegCount: 1
		Class: Scalar, Type: float, Rows: 1, Columns: 1, Elements: 1
	$clouddarkcolor: RegSet: 2, RegIdx: 8, RegCount: 1
		Class: Vector, Type: float, Rows: 1, Columns: 3, Elements: 1
	$clouddensity: RegSet: 3, RegIdx: 2, RegCount: 1
		Class: Object, Type: sampler2d, Rows: 1, Columns: 1, Elements: 1
	$clouddensitytexsize: RegSet: 2, RegIdx: 3, RegCount: 1
		Class: Scalar, Type: float, Rows: 1, Columns: 1, Elements: 1
	$cloudhalfheight: RegSet: 2, RegIdx: 4, RegCount: 1
		Class: Scalar, Type: float, Rows: 1, Columns: 1, Elements: 1
	$cloudlightcolor: RegSet: 2, RegIdx: 7, RegCount: 1
		Class: Vector, Type: float, Rows: 1, Columns: 3, Elements: 1
	$cloudmaxlighting: RegSet: 2, RegIdx: 9, RegCount: 1
		Class: Scalar, Type: float, Rows: 1, Columns: 1, Elements: 1
	$cloudminlighting: RegSet: 2, RegIdx: 10, RegCount: 1
		Class: Scalar, Type: float, Rows: 1, Columns: 1, Elements: 1
	$cloudsharpness: RegSet: 2, RegIdx: 5, RegCount: 1
		Class: Scalar, Type: float, Rows: 1, Columns: 1, Elements: 1
	$debugalphaon: RegSet: 2, RegIdx: 13, RegCount: 1
		Class: Scalar, Type: float, Rows: 1, Columns: 1, Elements: 1
	$lightscattering: RegSet: 2, RegIdx: 6, RegCount: 1
		Class: Scalar, Type: float, Rows: 1, Columns: 1, Elements: 1
	$octave0to3tex1: RegSet: 3, RegIdx: 0, RegCount: 1
		Class: Object, Type: sampler2d, Rows: 1, Columns: 1, Elements: 1
	$octave0to3tex2: RegSet: 3, RegIdx: 1, RegCount: 1
		Class: Object, Type: sampler2d, Rows: 1, Columns: 1, Elements: 1
	$octaveblend4to7: RegSet: 2, RegIdx: 2, RegCount: 1
		Class: Vector, Type: float, Rows: 1, Columns: 4, Elements: 1
	$octaveweight4to7: RegSet: 2, RegIdx: 1, RegCount: 1
		Class: Vector, Type: float, Rows: 1, Columns: 4, Elements: 1
	$raysteplength: RegSet: 2, RegIdx: 12, RegCount: 1
		Class: Scalar, Type: float, Rows: 1, Columns: 1, Elements: 1
	$sunpos: RegSet: 2, RegIdx: 11, RegCount: 1
		Class: Vector, Type: float, Rows: 1, Columns: 3, Elements: 1
Common
	PhysicalMicrocodeOffset: 64
	PhysicalMicrocodeSize: 684
ProgramControl
	VsMaxReg: 0
	PsMaxReg: 5
	VsResource: 0
	PsResource: 0
	ParamGen: 0
	GenIndexPix: 0
	VsExportCount: 0
	VsExportMode: 0
	PsExportZ: 0
	PsExportColorCount: 1
	GenIndexVtx: 0
ContextMisc
	InstPredOptimize: 0
	OutputScreenXY: 0
	SampleControl: 1
	ParamGenPos: 0
	PerfCounterRef: 0
	YieldOptimize: 0
	TxCacheSelect: 0
ControlFlowConstantMask
	IntegerConstantsUsed: 1
	BooleanConstantsUsed: 0
InterpolatorHeader
	Interpolators: 3
	Interpolants: 3
	Components: 11
	CustomOrderPS: 0
	CustomOrderVS: 0
InterpolatorControl
	ParamShade: 7
	SamplingPattern: 7
OutputMask
	Mask: 1
	Depth: 0
	Kill: 0
	C0: 1
	C1: 0
	C2: 0
	C3: 0
PsIn: UsageI: 80, Reg: 0, Mask: 7
