Pixel Shader
Creator: 2.0.6534.1, Version: FFFF0300 Target: ps_3_0:
Constants: 18
	$avgsampleoffsets00: RegSet: 2, RegIdx: 0, RegCount: 1
		Class: Vector, Type: float, Rows: 1, Columns: 2, Elements: 1
	$avgsampleoffsets01: RegSet: 2, RegIdx: 1, RegCount: 1
		Class: Vector, Type: float, Rows: 1, Columns: 2, Elements: 1
	$avgsampleoffsets02: RegSet: 2, RegIdx: 2, RegCount: 1
		Class: Vector, Type: float, Rows: 1, Columns: 2, Elements: 1
	$avgsampleoffsets03: RegSet: 2, RegIdx: 3, RegCount: 1
		Class: Vector, Type: float, Rows: 1, Columns: 2, Elements: 1
	$avgsampleoffsets04: RegSet: 2, RegIdx: 4, RegCount: 1
		Class: Vector, Type: float, Rows: 1, Columns: 2, Elements: 1
	$avgsampleoffsets05: RegSet: 2, RegIdx: 5, RegCount: 1
		Class: Vector, Type: float, Rows: 1, Columns: 2, Elements: 1
	$avgsampleoffsets06: RegSet: 2, RegIdx: 6, RegCount: 1
		Class: Vector, Type: float, Rows: 1, Columns: 2, Elements: 1
	$avgsampleoffsets07: RegSet: 2, RegIdx: 7, RegCount: 1
		Class: Vector, Type: float, Rows: 1, Columns: 2, Elements: 1
	$avgsampleoffsets08: RegSet: 2, RegIdx: 8, RegCount: 1
		Class: Vector, Type: float, Rows: 1, Columns: 2, Elements: 1
	$avgsampleoffsets09: RegSet: 2, RegIdx: 9, RegCount: 1
		Class: Vector, Type: float, Rows: 1, Columns: 2, Elements: 1
	$avgsampleoffsets10: RegSet: 2, RegIdx: 10, RegCount: 1
		Class: Vector, Type: float, Rows: 1, Columns: 2, Elements: 1
	$avgsampleoffsets11: RegSet: 2, RegIdx: 11, RegCount: 1
		Class: Vector, Type: float, Rows: 1, Columns: 2, Elements: 1
	$avgsampleoffsets12: RegSet: 2, RegIdx: 12, RegCount: 1
		Class: Vector, Type: float, Rows: 1, Columns: 2, Elements: 1
	$avgsampleoffsets13: RegSet: 2, RegIdx: 13, RegCount: 1
		Class: Vector, Type: float, Rows: 1, Columns: 2, Elements: 1
	$avgsampleoffsets14: RegSet: 2, RegIdx: 14, RegCount: 1
		Class: Vector, Type: float, Rows: 1, Columns: 2, Elements: 1
	$avgsampleoffsets15: RegSet: 2, RegIdx: 15, RegCount: 1
		Class: Vector, Type: float, Rows: 1, Columns: 2, Elements: 1
	$hdrweight: RegSet: 2, RegIdx: 16, RegCount: 1
		Class: Vector, Type: float, Rows: 1, Columns: 2, Elements: 1
	$inputtex: RegSet: 3, RegIdx: 0, RegCount: 1
		Class: Object, Type: sampler2d, Rows: 1, Columns: 1, Elements: 1
Common
	PhysicalMicrocodeOffset: 64
	PhysicalMicrocodeSize: 684
ProgramControl
	VsMaxReg: 0
	PsMaxReg: 7
	VsResource: 0
	PsResource: 0
	ParamGen: 0
	GenIndexPix: 0
	VsExportCount: 0
	VsExportMode: 0
	PsExportZ: 0
	PsExportColorCount: 1
	GenIndexVtx: 0
ContextMisc
	InstPredOptimize: 0
	OutputScreenXY: 0
	SampleControl: 2
	ParamGenPos: 0
	PerfCounterRef: 0
	YieldOptimize: 0
	TxCacheSelect: 0
ControlFlowConstantMask
	IntegerConstantsUsed: 0
	BooleanConstantsUsed: 0
InterpolatorHeader
	Interpolators: 2
	Interpolants: 2
	Components: 6
	CustomOrderPS: 0
	CustomOrderVS: 0
InterpolatorControl
	ParamShade: 3
	SamplingPattern: 1
OutputMask
	Mask: 1
	Depth: 0
	Kill: 0
	C0: 1
	C1: 0
	C2: 0
	C3: 0
PsIn: UsageI: 80, Reg: 0, Mask: 3
