Pixel Shader
Creator: 2.0.6534.1, Version: FFFF0300 Target: ps_3_0:
Constants: 1
	$dbgcol: RegSet: 2, RegIdx: 0, RegCount: 1
		Class: Vector, Type: float, Rows: 1, Columns: 4, Elements: 1
Common
	PhysicalMicrocodeOffset: 0
	PhysicalMicrocodeSize: 36
ProgramControl
	VsMaxReg: 0
	PsMaxReg: 0
	VsResource: 0
	PsResource: 0
	ParamGen: 0
	GenIndexPix: 0
	VsExportCount: 0
	VsExportMode: 0
	PsExportZ: 0
	PsExportColorCount: 1
	GenIndexVtx: 0
ContextMisc
	InstPredOptimize: 0
	OutputScreenXY: 0
	SampleControl: 0
	ParamGenPos: 0
	PerfCounterRef: 0
	YieldOptimize: 0
	TxCacheSelect: 0
ControlFlowConstantMask
	IntegerConstantsUsed: 0
	BooleanConstantsUsed: 0
InterpolatorHeader
	Interpolators: 0
	Interpolants: 0
	Components: 0
	CustomOrderPS: 0
	CustomOrderVS: 0
InterpolatorControl
	ParamShade: 0
	SamplingPattern: 0
OutputMask
	Mask: 1
	Depth: 0
	Kill: 0
	C0: 1
	C1: 0
	C2: 0
	C3: 0
PsIn: UsageI: 0, Reg: 0, Mask: 0
