Pixel Shader
Creator: 2.0.6534.1, Version: FFFF0300 Target: ps_3_0:
Constants: 15
	$ambientcolour: RegSet: 2, RegIdx: 12, RegCount: 1
		Class: Vector, Type: float, Rows: 1, Columns: 4, Elements: 1
	$bump: RegSet: 3, RegIdx: 3, RegCount: 1
		Class: Object, Type: sampler2d, Rows: 1, Columns: 1, Elements: 1
	$compressedhdr: RegSet: 2, RegIdx: 11, RegCount: 1
		Class: Vector, Type: float, Rows: 1, Columns: 2, Elements: 1
	$diff: RegSet: 3, RegIdx: 1, RegCount: 1
		Class: Object, Type: sampler2d, Rows: 1, Columns: 1, Elements: 1
	$height: RegSet: 3, RegIdx: 0, RegCount: 1
		Class: Object, Type: sampler2d, Rows: 1, Columns: 1, Elements: 1
	$invscreensize: RegSet: 2, RegIdx: 8, RegCount: 1
		Class: Vector, Type: float, Rows: 1, Columns: 2, Elements: 1
	$lcol: RegSet: 2, RegIdx: 1, RegCount: 3
		Class: Matrix columns, Type: float, Rows: 4, Columns: 4, Elements: 1
	$lightningintensity: RegSet: 2, RegIdx: 0, RegCount: 1
		Class: Scalar, Type: float, Rows: 1, Columns: 1, Elements: 1
	$matvalue: RegSet: 2, RegIdx: 10, RegCount: 1
		Class: Vector, Type: float, Rows: 1, Columns: 4, Elements: 1
	$screenshadmap: RegSet: 3, RegIdx: 5, RegCount: 1
		Class: Object, Type: sampler2d, Rows: 1, Columns: 1, Elements: 1
	$shadowmask: RegSet: 2, RegIdx: 9, RegCount: 1
		Class: Vector, Type: float, Rows: 1, Columns: 4, Elements: 1
	$spec: RegSet: 3, RegIdx: 4, RegCount: 1
		Class: Object, Type: sampler2d, Rows: 1, Columns: 1, Elements: 1
	$tranpcy: RegSet: 3, RegIdx: 2, RegCount: 1
		Class: Object, Type: sampler2d, Rows: 1, Columns: 1, Elements: 1
	$wlightpos: RegSet: 2, RegIdx: 4, RegCount: 3
		Class: Matrix columns, Type: float, Rows: 4, Columns: 4, Elements: 1
	$worldviewpos: RegSet: 2, RegIdx: 7, RegCount: 1
		Class: Vector, Type: float, Rows: 1, Columns: 3, Elements: 1
Common
	PhysicalMicrocodeOffset: 64
	PhysicalMicrocodeSize: 960
ProgramControl
	VsMaxReg: 0
	PsMaxReg: 13
	VsResource: 0
	PsResource: 0
	ParamGen: 1
	GenIndexPix: 0
	VsExportCount: 0
	VsExportMode: 0
	PsExportZ: 0
	PsExportColorCount: 1
	GenIndexVtx: 0
ContextMisc
	InstPredOptimize: 0
	OutputScreenXY: 1
	SampleControl: 2
	ParamGenPos: 8
	PerfCounterRef: 0
	YieldOptimize: 0
	TxCacheSelect: 0
ControlFlowConstantMask
	IntegerConstantsUsed: 0
	BooleanConstantsUsed: 0
InterpolatorHeader
	Interpolators: 8
	Interpolants: 8
	Components: 30
	CustomOrderPS: 0
	CustomOrderVS: 0
InterpolatorControl
	ParamShade: 255
	SamplingPattern: 63
OutputMask
	Mask: 1
	Depth: 0
	Kill: 0
	C0: 1
	C1: 0
	C2: 0
	C3: 0
PsIn: UsageI: 80, Reg: 0, Mask: 7
